make.exe all --print-data-base --no-builtin-variables --no-builtin-rules --question
# GNU Make 4.3
# Built for Windows32
# Copyright (C) 1988-2020 Free Software Foundation, Inc.
# License GPLv3+: GNU GPL version 3 or later <http://gnu.org/licenses/gpl.html>
# This is free software: you are free to change and redistribute it.
# There is NO WARRANTY, to the extent permitted by law.
 

# Make data base, printed on Fri Jan 14 06:58:21 2022

# Variables

# environment
FPS_BROWSER_APP_PROFILE_STRING = Internet Explorer
# environment
SYSTEMDRIVE = C:
# makefile (from 'Makefile', line 5)
CFLAG = -c
# environment
LC_ALL = C
# environment
USERPROFILE = C:\Users\coola
# environment
VBOX_MSI_INSTALL_PATH = C:\Program Files\Oracle\VirtualBox\
# environment
LOCALAPPDATA = C:\Users\coola\AppData\Local
# environment
VSCODE_IPC_HOOK_EXTHOST = \\.\pipe\vscode-ipc-c6b718c9-9fa6-4ffa-a9f6-fa8f14a95bd6-sock
# environment
VSCODE_CWD = C:\Users\coola\AppData\Local\Programs\Microsoft VS Code
# environment
CHOCOLATEYINSTALL = C:\ProgramData\chocolatey
# environment
SYSTEMROOT = C:\WINDOWS
# environment
PROCESSOR_LEVEL = 6
# environment
PSMODULEPATH = C:\Program Files\WindowsPowerShell\Modules;C:\WINDOWS\system32\WindowsPowerShell\v1.0\Modules
# makefile (from 'Makefile', line 8)
OFLAG = -o
# default
MAKE_COMMAND := C:/ProgramData/chocolatey/lib/make/tools/install/bin/make.exe
# automatic
@D = $(patsubst %/,%,$(patsubst %\,%,$(dir $@)))
# environment
CHROME_CRASHPAD_PIPE_NAME = \\.\pipe\crashpad_11620_RGYEURORRENLHKLE
# environment
ONEDRIVECOMMERCIAL = C:\Users\coola\OneDrive - stumail.viu.ca
# environment
FPS_BROWSER_USER_PROFILE_STRING = Default
# environment
VSCODE_HANDLES_UNCAUGHT_ERRORS = true
# default
.VARIABLES := 
# makefile (from 'Makefile', line 10)
BINARY = C:\csci261\bin
# automatic
%D = $(patsubst %/,%,$(patsubst %\,%,$(dir $%)))
# automatic
^D = $(patsubst %/,%,$(patsubst %\,%,$(dir $^)))
# environment
VSCODE_LOG_STACK = false
# automatic
%F = $(notdir $%)
# environment
VSCODE_CODE_CACHE_PATH = C:\Users\coola\AppData\Roaming\Code\CachedData\899d46d82c4c95423fb7e10e68eba52050e30ba3
# environment
LANG = C
# default
.LOADED := 
# environment
TMP = C:\Users\coola\AppData\Local\Temp
# default
.INCLUDE_DIRS = .
# environment
PROCESSOR_ARCHITEW6432 = AMD64
# makefile
MAKEFLAGS = pqrR
# environment
ONEDRIVE = C:\Users\coola\OneDrive - stumail.viu.ca
# makefile
CURDIR := c:/csci261
# environment
VSCODE_PIPE_LOGGING = true
# environment
APPLICATION_INSIGHTS_NO_DIAGNOSTIC_CHANNEL = true
# automatic
*D = $(patsubst %/,%,$(patsubst %\,%,$(dir $*)))
# environment
PROGRAMFILES = C:\Program Files (x86)
# environment
MFLAGS = -pqrR
# default
.SHELLFLAGS := -c
# environment
COMMONPROGRAMW6432 = C:\Program Files\Common Files
# automatic
+D = $(patsubst %/,%,$(patsubst %\,%,$(dir $+)))
# makefile (from 'Makefile', line 1)
MAKEFILE_LIST := Makefile
# automatic
@F = $(notdir $@)
# environment
VSCODE_VERBOSE_LOGGING = true
# environment
VSCODE_PID = 11620
# automatic
?D = $(patsubst %/,%,$(patsubst %\,%,$(dir $?)))
# automatic
*F = $(notdir $*)
# automatic
<D = $(patsubst %/,%,$(patsubst %\,%,$(dir $<)))
# environment
VSCODE_NLS_CONFIG = {"locale":"en-us","availableLanguages":{},"_languagePackSupport":true}
# makefile (from 'Makefile', line 12)
INCLUDE = C:\csci261\include
# environment
ONEDRIVECONSUMER = C:\Users\coola\OneDrive
# default
MAKE_HOST := Windows32
# environment
PROGRAMDATA = C:\ProgramData
# default
SHELL := sh.exe
# environment
HOMEPATH = \Users\coola
# default
MAKECMDGOALS := all
# makefile (from 'Makefile', line 15)
EXAMPLE = C:\csci261\example
# environment
DRIVERDATA = C:\Windows\System32\Drivers\DriverData
# environment
COMSPEC = C:\WINDOWS\system32\cmd.exe
# environment
WINDIR = C:\WINDOWS
# environment
MAKELEVEL := 0
# default
MAKE = $(MAKE_COMMAND)
# environment
PATH = C:\Program Files (x86)\NVIDIA Corporation\PhysX\Common;C:\ProgramData\Oracle\Java\javapath;C:\Program Files (x86)\Common Files\Oracle\Java\javapath;C:\WINDOWS\system32;C:\WINDOWS;C:\WINDOWS\System32\Wbem;C:\WINDOWS\System32\WindowsPowerShell\v1.0\;C:\WINDOWS\System32\OpenSSH\;C:\MinGW\mingw32\bin;C:\Program Files\PuTTY\;C:\Program Files (x86)\Intel\Intel(R) Management Engine Components\DAL;C:\Program Files\Intel\Intel(R) Management Engine Components\DAL;C:\ProgramData\chocolatey\bin;C:\MinGW;C:\Users\coola\AppData\Local\Programs\Python\Python38-32\;C:\Users\coola\AppData\Local\Microsoft\WindowsApps;C:\MinGW\bin;C:\Users\coola\AppData\Local\Programs\MiKTeX\miktex\bin\x64\;C:\Users\coola\AppData\Local\Programs\Microsoft VS Code\bin;C:\MinGW\bin;
# environment
COMPUTERNAME = ZORRO
# default
MAKEFILES := 
# automatic
^F = $(notdir $^)
# environment
PROMPT = $P$G
# environment
CHOCOLATEYLASTPATHUPDATE = 132866452571924051
# environment
LOGONSERVER = \\ZORRO
# environment
VSCODE_LOG_NATIVE = false
# environment
USERNAME = coola
# environment
COMMONPROGRAMFILES = C:\Program Files (x86)\Common Files
# automatic
?F = $(notdir $?)
# environment
PROGRAMW643 
2 = C:\Program Files
# environment
PATHEXT = .COM;.EXE;.BAT;.CMD;.VBS;.VBE;.JS;.JSE;.WSF;.WSH;.MSC
# automatic
+F = $(notdir $+)
# environment
ORIGINAL_XDG_CURRENT_DESKTOP = undefined
# makefile (from 'Makefile', line 14)
TEST = test
# environment
USERDOMAIN = ZORRO
# 'override' directive
GNUMAKEFLAGS := 
# environment
OS = Windows_NT
# makefile
.DEFAULT_GOAL := all
# makefile (from 'Makefile', line 13)
SOURCE = C:\csci261\src
# default
MAKE_VERSION := 4.3
# environment
PROGRAMFILES(X86) = C:\Program Files (x86)
# makefile (from 'Makefile', line 11)
BUILD = C:\csci261\build
# environment
USERDOMAIN_ROAMINGPROFILE = ZORRO
# environment
NUMBER_OF_PROCESSORS = 8
# environment
PUBLIC = C:\Users\Public
# environment
MOZ_PLUGIN_PATH = C:\Program Files (x86)\Foxit Software\Foxit PDF Reader\plugins\
# environment
APPDATA = C:\Users\coola\AppData\Roaming
# environment
HOMEDRIVE = C:
# makefile (from 'Makefile', line 4)
WFLAG = -Wall
# environment
PROCESSOR_ARCHITECTURE = x86
# environment
VSCODE_AMD_ENTRYPOINT = vs/workbench/services/extensions/node/extensionHostProcess
# environment
COMMONPROGRAMFILES(X86) = C:\Program Files (x86)\Common Files
# makefile (from 'Makefile', line 7)
IFLAG = -I
# environment
ELECTRON_RUN_AS_NODE = 1
# environment
TEMP = C:\Users\coola\AppData\Local\Temp
# environment
VSCODE_IPC_HOOK = \\.\pipe\f2cbaf5576a13b88b0da9368b27bd20a-1.63.2-main-sock
# default
.RECIPEPREFIX := 
# automatic
<F = $(notdir $<)
# default
SUFFIXES := 
# environment
ALLUSERSPROFILE = C:\ProgramData
# environment
SESSIONNAME = Console
# default
.FEATURES := target-specific order-only second-expansion else-if shortest-stem undefine oneshell nocomment grouped-target extra-prereqs archives jobserver output-sync load
# environment
PROCESSOR_REVISION = 8e0a
# makefile (from 'Makefile', line 3)
CC = gcc
# makefile (from 'Makefile', line 6)
DFLAG = -ggdb
# environment
PROCESSOR_IDENTIFIER = Intel64 Family 6 Model 142 Stepping 10, GenuineIntel
# variable set hash-table stats:
# Load=112/1024=11%, Rehash=0, Collisions=34/167=20%

# Pattern-specific Variable Values

# No pattern-specific variable values.

# Directories

# . (key c:/csci261, mtime 1642171173): 12 files, no impossibilities.

# 12 files, no impossibilities in 1 directories.

# Implicit Rules

# No implicit rules.

# Files

# Not a target:
C:\csci261\src/main.c:
#  Implicit rule search has been done.
#  Last modified 2022-01-14 06:24:09
#  File has been updated.
#  Successfully updated.

C:\csci261\build/utility.o: C:\csci261\src/utility.c C:\csci261\include/utility.h
#   
Implicit rule search has not been done.
#  Last modified 2022-01-14 06:53:45
#  File has been updated.
#  Successfully updated.
#  recipe to execute (from 'Makefile', line 29):
	${CC} ${WFLAG} ${CFLAG} ${DFLAG} ${IFLAG} ${INCLUDE} ${OFLAG} ${BUILD}/utility.o ${SOURCE}/utility.c

debug: C:\csci261\bin/convert
#  Phony target (prerequisite of .PHONY).
#  Implicit rule search has not been done.
#  File does not exist.
#  File has not been updated.
#  recipe to execute (from 'Makefile', line 41):
	gdb ${BINARY}/convert

# Not a target:
Makefile:
#  Implicit rule search has been done.
#  Last modified 2022-01-14 06:58:00
#  File has been updated.
#  Successfully updated.

# Not a target:
C:\csci261\include/utility.h:
#  Implicit rule search has been done.
#  Last modified 2022-01-14 06:24:03
#  File has been updated.
#  Successfully updated.

C:\csci261\bin/convert: C:\csci261\build/main.o C:\csci261\build/convert.o C:\csci261\build/utility.o
#  Implicit rule search has not been done.
#  Implicit/static pattern stem: ''
#  Last modified 2022-01-14 06:23:21
#  File has been updated.
#  Needs to be updated (-q is set).
# automatic
# @ := C:\csci261\bin/convert
# automatic
# * := 
# automatic
# < := C:\csci261\build/main.o
# automatic
# + := C:\csci261\build/main.o C:\csci261\build/convert.o C:\csci261\build/utility.o
# automatic
# % := 
# automatic
# ^ := C:\csci261\build/main.o C:\csci261\build/convert.o C:\csci261\build/utility.o
# automatic
# ? := C:\csci261\build/main.o C:\csci261\build/convert.o C:\csci261\build/utility.o
# automatic
# | := 
# variable set hash-table stats:
# Load=8/32=25%, Rehash=0, Collisions=9/19=47%
#  recipe to execute (from 'Makefile', line 20):
	${CC} ${WFLAG} ${DFLAG} -lm ${OFLAG} ${BINARY}/convert ${BUILD}/main.o ${BUILD}/convert.o ${BUILD}/utility.o

# Not a target:
C:\csci261\include/convert.h:
#  Implicit rule search has been done.
#  Last modified 2022-01-14 06:24:03
#  File has been updated.
#  Successfully updated.

clean:
#  Phony target (prerequisite of .PHONY).
#  Implicit rule search has not been done.
#  File does not exist.
#  File has not been updated.
#  recipe to execute (from 'Makefile', line 35):
	rm ${BINARY}/* ${BUILD}/*

# Not a target:
.DEFAULT:
#  Implicit rule search has not been done.
#  Modification time never checked.
#  File has not been updated.

C:\csci261\build/convert.o: C:\csci261\src/convert.c C:\csci261\include/convert.h C:\csci261\include/utility.h
#  Implicit rule search has not been done.
#  Last modified 2022-01-14 06:53:44
#  File has been updated.
#  Successfully updated.
#  recipe to execute (from 'Makefile', line 26):
	${CC} ${WFLAG} ${CFLAG} ${DFLAG} ${IFLAG} ${INCLUDE} -lm ${OFLAG} ${BUILD}/convert.o ${SOURCE}/convert.c

all: C:\csci261\bin/convert
#  Command line target.
#  Implicit rule search has been done.
#  File does not exist.
#  File has been updated.
#  Needs to be updated (-q is set).
# variable set hash-table stats:
# Load=0/32=0%, Rehash=0, Collisions=0/11=0%

run: C:\csci261\bin/convert
#  Phony target (prerequisite of .PHONY).
#  Implicit rule search has not been done.
#  File does not exist.
#  File has not been updated.
#  recipe to execute (from 'Makefile', line 38):
	${BINARY}/convert

# Not a target:
C:\csci261\src/utility.c:
#  Implicit rule search has been done.
#  Last modified 2022-01-14 06:24:09
#  File has been updated.
#  Successfully updated.

# Not a target:
C:\csci261\src/convert.c:
#  Implicit rule search has been done.
#  Last modified 2022-01-14 06:24:08
#  File has been updated.
#  Successfully updated.

C:\csci261\buil 
d/main.o: C:\csci261\src/main.c C:\csci261\include/convert.h
#  Implicit rule search has not been done.
#  Last modified 2022-01-14 06:53:44
#  File has been updated.
#  Successfully updated.
#  recipe to execute (from 'Makefile', line 23):
	${CC} ${WFLAG} ${CFLAG} ${DFLAG} ${IFLAG} ${INCLUDE} ${OFLAG} ${BUILD}/main.o ${SOURCE}/main.c 

run-example:
#  Phony target (prerequisite of .PHONY).
#  Implicit rule search has not been done.
#  File does not exist.
#  File has not been updated.

debug-example:
#  Phony target (prerequisite of .PHONY).
#  Implicit rule search has not been done.
#  File does not exist.
#  File has not been updated.

# Not a target:
.SUFFIXES:
#  Implicit rule search has not been done.
#  Modification time never checked.
#  File has not been updated.

.PHONY: clean run run-example debug debug-example
#  Implicit rule search has not been done.
#  Modification time never checked.
#  File has not been updated.

# files hash-table stats:
# Load=19/1024=2%, Rehash=0, Collisions=1/56=2%
# VPATH Search Paths

# No 'vpath' search paths.

# No general ('VPATH' variable) search path.

# strcache buffers: 1 (0) / strings = 30 / storage = 378 B / avg = 12 B
# current buf: size = 8174 B / used = 378 B / count = 30 / avg = 12 B

# strcache performance: lookups = 56 / hit rate = 46%
# hash-table stats:
# Load=30/8192=0%, Rehash=0, Collisions=0/56=0%
# Finished Make data base on Fri Jan 14 06:58:21 2022

 
